<?xml version="1.0" encoding="UTF-8"?>
<!-- Generated by org.testng.reporters.JUnitXMLReporter -->
<testsuite ignored="0" hostname="GKL0296.local" failures="1" tests="1" name="Test Case 1 plus Test Case 2" time="123.945" errors="0" timestamp="2025-06-24T20:43:18 IST">
  <testcase classname="Admin_Portal.AdminPortalTest1" name="Scenario1" time="123.932">
    <failure type="java.lang.AssertionError" message="Error in Scenario1 : Error in loginasAdmin : Expected condition failed: waiting for visibility of Proxy element for: DefaultElementLocator &amp;apos;By.id: id_username&amp;apos; (tried for 60 second(s) with 500 milliseconds interval)">
      <![CDATA[java.lang.AssertionError: Error in Scenario1 : Error in loginasAdmin : Expected condition failed: waiting for visibility of Proxy element for: DefaultElementLocator 'By.id: id_username' (tried for 60 second(s) with 500 milliseconds interval)
at Admin_Portal.AdminPortalTest1.Scenario1(AdminPortalTest1.java:29)
at java.base/java.util.ArrayList.forEach(ArrayList.java:1597)
... Removed 30 stack frames]]>
    </failure>
  </testcase> <!-- Scenario1 -->
</testsuite> <!-- Test Case 1 plus Test Case 2 -->
